<testsuites>
    <testsuite>
${{tests:
			${result}
}}
	</testsuite>

</testsuites>
